<?xml version="1.0" encoding="UTF-8"?>
<testng-results skipped="0" failed="0" total="1" passed="1">
  <reporter-output>
  </reporter-output>
  <suite name="Suite" duration-ms="37351" started-at="2019-03-11T17:27:39Z" finished-at="2019-03-11T17:28:17Z">
    <groups>
    </groups>
    <test name="Test" duration-ms="37351" started-at="2019-03-11T17:27:39Z" finished-at="2019-03-11T17:28:17Z">
      <class name="mypackage.SwitchWindowExample">
        <test-method status="PASS" signature="printChildWindowTitles()[pri:0, instance:mypackage.SwitchWindowExample@101b7af]" name="printChildWindowTitles" duration-ms="37331" started-at="2019-03-11T22:57:40Z" finished-at="2019-03-11T22:58:17Z">
          <reporter-output>
          </reporter-output>
        </test-method> <!-- printChildWindowTitles -->
      </class> <!-- mypackage.SwitchWindowExample -->
    </test> <!-- Test -->
  </suite> <!-- Suite -->
</testng-results>
